0 info it worked if it ends with ok
1 verbose cli [ 'c:\\Program Files\\nodejs\\node.exe',
1 verbose cli   'c:\\Program Files\\nodejs\\node_modules\\npm\\bin\\npm-cli.js',
1 verbose cli   'start' ]
2 info using npm@1.4.28
3 info using node@v0.10.33
4 verbose run-script [ 'prestart', 'start', 'poststart' ]
5 info prestart backstab@0.0.1-v
6 info start backstab@0.0.1-v
7 verbose unsafe-perm in lifecycle true
8 info backstab@0.0.1-v Failed to exec start script
9 error backstab@0.0.1-v start: `node app.js`
9 error Exit status 3
10 error Failed at the backstab@0.0.1-v start script.
10 error This is most likely a problem with the backstab package,
10 error not with npm itself.
10 error Tell the author that this fails on your system:
10 error     node app.js
10 error You can get their info via:
10 error     npm owner ls backstab
10 error There is likely additional logging output above.
11 error System Windows_NT 6.1.7600
12 error command "c:\\Program Files\\nodejs\\node.exe" "c:\\Program Files\\nodejs\\node_modules\\npm\\bin\\npm-cli.js" "start"
13 error cwd d:\backstab
14 error node -v v0.10.33
15 error npm -v 1.4.28
16 error code ELIFECYCLE
17 verbose exit [ 1, true ]
